<?xml version="1.0" encoding="UTF-8"?>
<!-- Generated by org.testng.reporters.JUnitReportReporter -->
<testsuite hostname="Masud" failures="0" tests="1" name="com.shay.tests.LoginTest" time="5.674" errors="0" timestamp="05 Nov 2023 08:27:23 GMT" skipped="0">
  <testcase classname="com.shay.tests.LoginTest" name="loginTest" time="5.674"/>
</testsuite> <!-- com.shay.tests.LoginTest -->
