<?xml version="1.0" encoding="UTF-8"?>
<!-- Generated by org.testng.reporters.JUnitReportReporter -->
<testsuite hostname="Masud" failures="0" tests="1" name="com.shay.tests.DashboardTest" time="6.351" errors="0" timestamp="05 Nov 2023 17:08:40 GMT" skipped="0">
  <testcase classname="com.shay.tests.DashboardTest" name="navAdminLinkTest" time="6.351"/>
</testsuite> <!-- com.shay.tests.DashboardTest -->
