<?xml version="1.0" encoding="UTF-8"?>
<!-- Generated by org.testng.reporters.JUnitReportReporter -->
<testsuite hostname="Masud" failures="0" tests="1" name="com.shay.tests.LoginTest" time="5.354" errors="0" timestamp="31 Oct 2023 18:26:32 GMT" skipped="0">
  <testcase classname="com.shay.tests.LoginTest" name="loginTest" time="5.354"/>
</testsuite> <!-- com.shay.tests.LoginTest -->
